Determining if the pthread_create exist failed with the following output:
Change Dir: /home/tuanle/rtab_map/RoboND-map-my-world/build/CMakeFiles/CMakeTmp

Run Build Command:"/usr/bin/make" "cmTC_60fb2/fast"
/usr/bin/make -f CMakeFiles/cmTC_60fb2.dir/build.make CMakeFiles/cmTC_60fb2.dir/build
make[1]: Entering directory '/home/tuanle/rtab_map/RoboND-map-my-world/build/CMakeFiles/CMakeTmp'
Building C object CMakeFiles/cmTC_60fb2.dir/CheckSymbolExists.c.o
/home/linuxbrew/.linuxbrew/bin/cc     -o CMakeFiles/cmTC_60fb2.dir/CheckSymbolExists.c.o   -c /home/tuanle/rtab_map/RoboND-map-my-world/build/CMakeFiles/CMakeTmp/CheckSymbolExists.c
Linking C executable cmTC_60fb2
/usr/bin/cmake -E cmake_link_script CMakeFiles/cmTC_60fb2.dir/link.txt --verbose=1
/home/linuxbrew/.linuxbrew/bin/cc       CMakeFiles/cmTC_60fb2.dir/CheckSymbolExists.c.o  -o cmTC_60fb2 -rdynamic 
CMakeFiles/cmTC_60fb2.dir/CheckSymbolExists.c.o: In function `main':
CheckSymbolExists.c:(.text+0x16): undefined reference to `pthread_create'
collect2: error: ld returned 1 exit status
CMakeFiles/cmTC_60fb2.dir/build.make:97: recipe for target 'cmTC_60fb2' failed
make[1]: *** [cmTC_60fb2] Error 1
make[1]: Leaving directory '/home/tuanle/rtab_map/RoboND-map-my-world/build/CMakeFiles/CMakeTmp'
Makefile:126: recipe for target 'cmTC_60fb2/fast' failed
make: *** [cmTC_60fb2/fast] Error 2

File /home/tuanle/rtab_map/RoboND-map-my-world/build/CMakeFiles/CMakeTmp/CheckSymbolExists.c:
/* */
#include <pthread.h>

int main(int argc, char** argv)
{
  (void)argv;
#ifndef pthread_create
  return ((int*)(&pthread_create))[argc];
#else
  (void)argc;
  return 0;
#endif
}

Determining if the function pthread_create exists in the pthreads failed with the following output:
Change Dir: /home/tuanle/rtab_map/RoboND-map-my-world/build/CMakeFiles/CMakeTmp

Run Build Command:"/usr/bin/make" "cmTC_7530a/fast"
/usr/bin/make -f CMakeFiles/cmTC_7530a.dir/build.make CMakeFiles/cmTC_7530a.dir/build
make[1]: Entering directory '/home/tuanle/rtab_map/RoboND-map-my-world/build/CMakeFiles/CMakeTmp'
Building C object CMakeFiles/cmTC_7530a.dir/CheckFunctionExists.c.o
/home/linuxbrew/.linuxbrew/bin/cc    -DCHECK_FUNCTION_EXISTS=pthread_create   -o CMakeFiles/cmTC_7530a.dir/CheckFunctionExists.c.o   -c /usr/share/cmake-3.5/Modules/CheckFunctionExists.c
Linking C executable cmTC_7530a
/usr/bin/cmake -E cmake_link_script CMakeFiles/cmTC_7530a.dir/link.txt --verbose=1
/home/linuxbrew/.linuxbrew/bin/cc   -DCHECK_FUNCTION_EXISTS=pthread_create    CMakeFiles/cmTC_7530a.dir/CheckFunctionExists.c.o  -o cmTC_7530a -rdynamic -lpthreads 
/usr/bin/ld: cannot find -lpthreads
collect2: error: ld returned 1 exit status
CMakeFiles/cmTC_7530a.dir/build.make:97: recipe for target 'cmTC_7530a' failed
make[1]: *** [cmTC_7530a] Error 1
make[1]: Leaving directory '/home/tuanle/rtab_map/RoboND-map-my-world/build/CMakeFiles/CMakeTmp'
Makefile:126: recipe for target 'cmTC_7530a/fast' failed
make: *** [cmTC_7530a/fast] Error 2


